<?xml version="1.0" encoding="UTF-8"?>
<testsuite name="MoodAnalyzerTest" tests="2" skipped="0" failures="0" errors="0" timestamp="2021-05-30T18:29:22" hostname="LAPTOP-OKMRMTOT" time="0.002">
  <properties/>
  <testcase name="given_SadMood_Should_Return_SAD" classname="MoodAnalyzerTest" time="0.001"/>
  <testcase name="given_AnyMood_Should_Return_HAPPY" classname="MoodAnalyzerTest" time="0.0"/>
  <system-out><![CDATA[]]></system-out>
  <system-err><![CDATA[]]></system-err>
</testsuite>
