<?xml version="1.0" encoding="UTF-8"?>
<testsuite name="MoodAnalyzerTest" tests="1" skipped="0" failures="0" errors="0" timestamp="2021-05-30T19:28:08" hostname="LAPTOP-OKMRMTOT" time="0.001">
  <properties/>
  <testcase name="given_EmptyMood_Should_Throw_MoodAnalysisException" classname="MoodAnalyzerTest" time="0.001"/>
  <system-out><![CDATA[]]></system-out>
  <system-err><![CDATA[]]></system-err>
</testsuite>
